ERROR - 2025-04-24 08:54:00 --> Error connecting to the database: mysqli_sql_exception: No connection could be made because the target machine actively refused it in D:\Projects\mahzon\azitcc.com\azitcc.com\vendor\codeigniter4\framework\system\Database\MySQLi\Connection.php:202
Stack trace:
#0 D:\Projects\mahzon\azitcc.com\azitcc.com\vendor\codeigniter4\framework\system\Database\MySQLi\Connection.php(202): mysqli->real_connect('localhost', 'root', '', 'chaplibites', 3306, '', 0)
#1 D:\Projects\mahzon\azitcc.com\azitcc.com\vendor\codeigniter4\framework\system\Database\BaseConnection.php(421): CodeIgniter\Database\MySQLi\Connection->connect(false)
#2 D:\Projects\mahzon\azitcc.com\azitcc.com\vendor\codeigniter4\framework\system\Database\BaseConnection.php(620): CodeIgniter\Database\BaseConnection->initialize()
#3 D:\Projects\mahzon\azitcc.com\azitcc.com\vendor\codeigniter4\framework\system\Database\BaseConnection.php(1525): CodeIgniter\Database\BaseConnection->query('SHOW TABLES FRO...')
#4 D:\Projects\mahzon\azitcc.com\azitcc.com\vendor\codeigniter4\framework\system\Database\BaseConnection.php(1545): CodeIgniter\Database\BaseConnection->listTables()
#5 D:\Projects\mahzon\azitcc.com\azitcc.com\vendor\codeigniter4\framework\system\Database\MigrationRunner.php(758): CodeIgniter\Database\BaseConnection->tableExists('migrations')
#6 D:\Projects\mahzon\azitcc.com\azitcc.com\vendor\codeigniter4\framework\system\Database\MigrationRunner.php(162): CodeIgniter\Database\MigrationRunner->ensureTable()
#7 D:\Projects\mahzon\azitcc.com\azitcc.com\vendor\codeigniter4\framework\system\Commands\Database\Migrate.php(85): CodeIgniter\Database\MigrationRunner->latest(NULL)
#8 D:\Projects\mahzon\azitcc.com\azitcc.com\vendor\codeigniter4\framework\system\CLI\Commands.php(70): CodeIgniter\Commands\Database\Migrate->run(Array)
#9 D:\Projects\mahzon\azitcc.com\azitcc.com\vendor\codeigniter4\framework\system\CLI\Console.php(48): CodeIgniter\CLI\Commands->run('migrate', Array)
#10 D:\Projects\mahzon\azitcc.com\azitcc.com\vendor\codeigniter4\framework\system\Boot.php(360): CodeIgniter\CLI\Console->run()
#11 D:\Projects\mahzon\azitcc.com\azitcc.com\vendor\codeigniter4\framework\system\Boot.php(104): CodeIgniter\Boot::runCommand(Object(CodeIgniter\CLI\Console))
#12 D:\Projects\mahzon\azitcc.com\azitcc.com\spark(84): CodeIgniter\Boot::bootSpark(Object(Config\Paths))
#13 {main}

Next CodeIgniter\Database\Exceptions\DatabaseException: No connection could be made because the target machine actively refused it in D:\Projects\mahzon\azitcc.com\azitcc.com\vendor\codeigniter4\framework\system\Database\MySQLi\Connection.php:246
Stack trace:
#0 D:\Projects\mahzon\azitcc.com\azitcc.com\vendor\codeigniter4\framework\system\Database\BaseConnection.php(421): CodeIgniter\Database\MySQLi\Connection->connect(false)
#1 D:\Projects\mahzon\azitcc.com\azitcc.com\vendor\codeigniter4\framework\system\Database\BaseConnection.php(620): CodeIgniter\Database\BaseConnection->initialize()
#2 D:\Projects\mahzon\azitcc.com\azitcc.com\vendor\codeigniter4\framework\system\Database\BaseConnection.php(1525): CodeIgniter\Database\BaseConnection->query('SHOW TABLES FRO...')
#3 D:\Projects\mahzon\azitcc.com\azitcc.com\vendor\codeigniter4\framework\system\Database\BaseConnection.php(1545): CodeIgniter\Database\BaseConnection->listTables()
#4 D:\Projects\mahzon\azitcc.com\azitcc.com\vendor\codeigniter4\framework\system\Database\MigrationRunner.php(758): CodeIgniter\Database\BaseConnection->tableExists('migrations')
#5 D:\Projects\mahzon\azitcc.com\azitcc.com\vendor\codeigniter4\framework\system\Database\MigrationRunner.php(162): CodeIgniter\Database\MigrationRunner->ensureTable()
#6 D:\Projects\mahzon\azitcc.com\azitcc.com\vendor\codeigniter4\framework\system\Commands\Database\Migrate.php(85): CodeIgniter\Database\MigrationRunner->latest(NULL)
#7 D:\Projects\mahzon\azitcc.com\azitcc.com\vendor\codeigniter4\framework\system\CLI\Commands.php(70): CodeIgniter\Commands\Database\Migrate->run(Array)
#8 D:\Projects\mahzon\azitcc.com\azitcc.com\vendor\codeigniter4\framework\system\CLI\Console.php(48): CodeIgniter\CLI\Commands->run('migrate', Array)
#9 D:\Projects\mahzon\azitcc.com\azitcc.com\vendor\codeigniter4\framework\system\Boot.php(360): CodeIgniter\CLI\Console->run()
#10 D:\Projects\mahzon\azitcc.com\azitcc.com\vendor\codeigniter4\framework\system\Boot.php(104): CodeIgniter\Boot::runCommand(Object(CodeIgniter\CLI\Console))
#11 D:\Projects\mahzon\azitcc.com\azitcc.com\spark(84): CodeIgniter\Boot::bootSpark(Object(Config\Paths))
#12 {main}
DEBUG - 2025-04-24 09:01:16 --> Session: Class initialized using 'CodeIgniter\Session\Handlers\FileHandler' driver.
DEBUG - 2025-04-24 09:01:24 --> Session: Class initialized using 'CodeIgniter\Session\Handlers\FileHandler' driver.
DEBUG - 2025-04-24 09:01:24 --> Session: Class initialized using 'CodeIgniter\Session\Handlers\FileHandler' driver.
DEBUG - 2025-04-24 09:01:26 --> Session: Class initialized using 'CodeIgniter\Session\Handlers\FileHandler' driver.
CRITICAL - 2025-04-24 09:01:26 --> CodeIgniter\View\Exceptions\ViewException: Invalid file: "admin/contact_page/index.php"
[Method: GET, Route: admin/contact-page]
in SYSTEMPATH\Exceptions\FrameworkException.php on line 39.
 1 SYSTEMPATH\View\View.php(212): CodeIgniter\Exceptions\FrameworkException::forInvalidFile('admin/contact_page/index.php')
 2 SYSTEMPATH\Common.php(1173): CodeIgniter\View\View->render('admin/contact_page/index', [], true)
 3 APPPATH\Controllers\Admin\ContactPageController.php(15): view('admin/contact_page/index', [...])
 4 SYSTEMPATH\CodeIgniter.php(933): App\Controllers\Admin\ContactPageController->index()
 5 SYSTEMPATH\CodeIgniter.php(507): CodeIgniter\CodeIgniter->runController(Object(App\Controllers\Admin\ContactPageController))
 6 SYSTEMPATH\CodeIgniter.php(354): CodeIgniter\CodeIgniter->handleRequest(null, Object(Config\Cache), false)
 7 SYSTEMPATH\Boot.php(334): CodeIgniter\CodeIgniter->run()
 8 SYSTEMPATH\Boot.php(67): CodeIgniter\Boot::runCodeIgniter(Object(CodeIgniter\CodeIgniter))
 9 FCPATH\index.php(56): CodeIgniter\Boot::bootWeb(Object(Config\Paths))
10 SYSTEMPATH\rewrite.php(44): require_once('D:\\Projects\\mahzon\\azitcc.com\\azitcc.com\\public\\index.php')
DEBUG - 2025-04-24 09:03:31 --> Session: Class initialized using 'CodeIgniter\Session\Handlers\FileHandler' driver.
DEBUG - 2025-04-24 09:04:53 --> Session: Class initialized using 'CodeIgniter\Session\Handlers\FileHandler' driver.
DEBUG - 2025-04-24 09:04:53 --> Session: Class initialized using 'CodeIgniter\Session\Handlers\FileHandler' driver.
DEBUG - 2025-04-24 10:25:10 --> Session: Class initialized using 'CodeIgniter\Session\Handlers\FileHandler' driver.
DEBUG - 2025-04-24 10:25:32 --> Session: Class initialized using 'CodeIgniter\Session\Handlers\FileHandler' driver.
DEBUG - 2025-04-24 10:25:35 --> Session: Class initialized using 'CodeIgniter\Session\Handlers\FileHandler' driver.
DEBUG - 2025-04-24 10:25:52 --> Session: Class initialized using 'CodeIgniter\Session\Handlers\FileHandler' driver.
DEBUG - 2025-04-24 10:29:13 --> Session: Class initialized using 'CodeIgniter\Session\Handlers\FileHandler' driver.
DEBUG - 2025-04-24 10:30:18 --> Session: Class initialized using 'CodeIgniter\Session\Handlers\FileHandler' driver.
DEBUG - 2025-04-24 10:30:32 --> Session: Class initialized using 'CodeIgniter\Session\Handlers\FileHandler' driver.
DEBUG - 2025-04-24 10:30:58 --> Session: Class initialized using 'CodeIgniter\Session\Handlers\FileHandler' driver.
DEBUG - 2025-04-24 10:31:06 --> Session: Class initialized using 'CodeIgniter\Session\Handlers\FileHandler' driver.
DEBUG - 2025-04-24 10:31:11 --> Session: Class initialized using 'CodeIgniter\Session\Handlers\FileHandler' driver.
DEBUG - 2025-04-24 10:31:15 --> Session: Class initialized using 'CodeIgniter\Session\Handlers\FileHandler' driver.
DEBUG - 2025-04-24 10:31:31 --> Session: Class initialized using 'CodeIgniter\Session\Handlers\FileHandler' driver.
DEBUG - 2025-04-24 10:31:36 --> Session: Class initialized using 'CodeIgniter\Session\Handlers\FileHandler' driver.
DEBUG - 2025-04-24 10:35:33 --> Session: Class initialized using 'CodeIgniter\Session\Handlers\FileHandler' driver.
DEBUG - 2025-04-24 10:39:04 --> Session: Class initialized using 'CodeIgniter\Session\Handlers\FileHandler' driver.
CRITICAL - 2025-04-24 10:39:04 --> ParseError: Unclosed '{' on line 10
[Method: GET, Route: admin/contact-page]
in APPPATH\Controllers\Admin\ContactPageController.php on line 70.
 1 VENDORPATH\composer\ClassLoader.php(427): Composer\Autoload\{closure}('D:\\Projects\\mahzon\\azitcc.com\\azitcc.com\\vendor\\composer/../../app\\Controllers\\Admin\\ContactPageController.php')
 2 [internal function]: Composer\Autoload\ClassLoader->loadClass('App\\Controllers\\Admin\\ContactPageController')
 3 SYSTEMPATH\CodeIgniter.php(885): class_exists('\\App\\Controllers\\Admin\\ContactPageController', true)
 4 SYSTEMPATH\CodeIgniter.php(494): CodeIgniter\CodeIgniter->startController()
 5 SYSTEMPATH\CodeIgniter.php(354): CodeIgniter\CodeIgniter->handleRequest(null, Object(Config\Cache), false)
 6 SYSTEMPATH\Boot.php(334): CodeIgniter\CodeIgniter->run()
 7 SYSTEMPATH\Boot.php(67): CodeIgniter\Boot::runCodeIgniter(Object(CodeIgniter\CodeIgniter))
 8 FCPATH\index.php(56): CodeIgniter\Boot::bootWeb(Object(Config\Paths))
 9 SYSTEMPATH\rewrite.php(44): require_once('D:\\Projects\\mahzon\\azitcc.com\\azitcc.com\\public\\index.php')
DEBUG - 2025-04-24 10:39:16 --> Session: Class initialized using 'CodeIgniter\Session\Handlers\FileHandler' driver.
DEBUG - 2025-04-24 10:39:34 --> Session: Class initialized using 'CodeIgniter\Session\Handlers\FileHandler' driver.
ERROR - 2025-04-24 10:39:34 --> mysqli_sql_exception: Unknown column 'hero_title' in 'field list' in D:\Projects\mahzon\azitcc.com\azitcc.com\vendor\codeigniter4\framework\system\Database\MySQLi\Connection.php:327
Stack trace:
#0 D:\Projects\mahzon\azitcc.com\azitcc.com\vendor\codeigniter4\framework\system\Database\MySQLi\Connection.php(327): mysqli->query('UPDATE `contact...', 0)
#1 D:\Projects\mahzon\azitcc.com\azitcc.com\vendor\codeigniter4\framework\system\Database\BaseConnection.php(738): CodeIgniter\Database\MySQLi\Connection->execute('UPDATE `contact...')
#2 D:\Projects\mahzon\azitcc.com\azitcc.com\vendor\codeigniter4\framework\system\Database\BaseConnection.php(652): CodeIgniter\Database\BaseConnection->simpleQuery('UPDATE `contact...')
#3 D:\Projects\mahzon\azitcc.com\azitcc.com\vendor\codeigniter4\framework\system\Database\BaseBuilder.php(2521): CodeIgniter\Database\BaseConnection->query('UPDATE `contact...', Array, false)
#4 D:\Projects\mahzon\azitcc.com\azitcc.com\vendor\codeigniter4\framework\system\Model.php(461): CodeIgniter\Database\BaseBuilder->update()
#5 D:\Projects\mahzon\azitcc.com\azitcc.com\vendor\codeigniter4\framework\system\BaseModel.php(1027): CodeIgniter\Model->doUpdate(Array, Array)
#6 D:\Projects\mahzon\azitcc.com\azitcc.com\vendor\codeigniter4\framework\system\Model.php(863): CodeIgniter\BaseModel->update(Array, Array)
#7 D:\Projects\mahzon\azitcc.com\azitcc.com\app\Controllers\Admin\ContactPageController.php(66): CodeIgniter\Model->update('1', Array)
#8 D:\Projects\mahzon\azitcc.com\azitcc.com\vendor\codeigniter4\framework\system\CodeIgniter.php(933): App\Controllers\Admin\ContactPageController->update()
#9 D:\Projects\mahzon\azitcc.com\azitcc.com\vendor\codeigniter4\framework\system\CodeIgniter.php(507): CodeIgniter\CodeIgniter->runController(Object(App\Controllers\Admin\ContactPageController))
#10 D:\Projects\mahzon\azitcc.com\azitcc.com\vendor\codeigniter4\framework\system\CodeIgniter.php(354): CodeIgniter\CodeIgniter->handleRequest(NULL, Object(Config\Cache), false)
#11 D:\Projects\mahzon\azitcc.com\azitcc.com\vendor\codeigniter4\framework\system\Boot.php(334): CodeIgniter\CodeIgniter->run()
#12 D:\Projects\mahzon\azitcc.com\azitcc.com\vendor\codeigniter4\framework\system\Boot.php(67): CodeIgniter\Boot::runCodeIgniter(Object(CodeIgniter\CodeIgniter))
#13 D:\Projects\mahzon\azitcc.com\azitcc.com\public\index.php(56): CodeIgniter\Boot::bootWeb(Object(Config\Paths))
#14 D:\Projects\mahzon\azitcc.com\azitcc.com\vendor\codeigniter4\framework\system\rewrite.php(44): require_once('D:\\Projects\\mah...')
#15 {main}
CRITICAL - 2025-04-24 10:39:35 --> CodeIgniter\Database\Exceptions\DatabaseException: Unknown column 'hero_title' in 'field list'
[Method: POST, Route: admin/contact-page/update]
in SYSTEMPATH\Database\BaseConnection.php on line 692.
 1 SYSTEMPATH\Database\BaseBuilder.php(2521): CodeIgniter\Database\BaseConnection->query('UPDATE `contact_page` SET `hero_title` = :hero_title:, `hero_subtitle` = :hero_subtitle:, `heading` = :heading:, `subheading` = :subheading:, `address` = :address:, `phone` = :phone:, `email` = :email:
WHERE `contact_page`.`id` IN :contact_page.id:', [...], false)
 2 SYSTEMPATH\Model.php(461): CodeIgniter\Database\BaseBuilder->update()
 3 SYSTEMPATH\BaseModel.php(1027): CodeIgniter\Model->doUpdate([...], [...])
 4 SYSTEMPATH\Model.php(863): CodeIgniter\BaseModel->update([...], [...])
 5 APPPATH\Controllers\Admin\ContactPageController.php(66): CodeIgniter\Model->update('1', [...])
 6 SYSTEMPATH\CodeIgniter.php(933): App\Controllers\Admin\ContactPageController->update()
 7 SYSTEMPATH\CodeIgniter.php(507): CodeIgniter\CodeIgniter->runController(Object(App\Controllers\Admin\ContactPageController))
 8 SYSTEMPATH\CodeIgniter.php(354): CodeIgniter\CodeIgniter->handleRequest(null, Object(Config\Cache), false)
 9 SYSTEMPATH\Boot.php(334): CodeIgniter\CodeIgniter->run()
10 SYSTEMPATH\Boot.php(67): CodeIgniter\Boot::runCodeIgniter(Object(CodeIgniter\CodeIgniter))
11 FCPATH\index.php(56): CodeIgniter\Boot::bootWeb(Object(Config\Paths))
12 SYSTEMPATH\rewrite.php(44): require_once('D:\\Projects\\mahzon\\azitcc.com\\azitcc.com\\public\\index.php')
CRITICAL - 2025-04-24 10:39:35 --> [Caused by] CodeIgniter\Database\Exceptions\DatabaseException: Unknown column 'hero_title' in 'field list'
in SYSTEMPATH\Database\MySQLi\Connection.php on line 332.
 1 SYSTEMPATH\Database\BaseConnection.php(738): CodeIgniter\Database\MySQLi\Connection->execute('UPDATE `contact_page` SET `hero_title` = \'Contact Chaplibites\', `hero_subtitle` = \'We’d love to hear from you! Reach out with questions, feedback, or to place an order.\', `heading` = \'Contact Information!\', `subheading` = \'We are here to assist you with your orders, inquiries, or feedback.\', `address` = \'123 Veggie Lane, Food City, Omman\', `phone` = \'+92 123-456-7890\', `email` = \'info@chaplibites.com\'
WHERE `contact_page`.`id` IN (\'1\')')
 2 SYSTEMPATH\Database\BaseConnection.php(652): CodeIgniter\Database\BaseConnection->simpleQuery('UPDATE `contact_page` SET `hero_title` = \'Contact Chaplibites\', `hero_subtitle` = \'We’d love to hear from you! Reach out with questions, feedback, or to place an order.\', `heading` = \'Contact Information!\', `subheading` = \'We are here to assist you with your orders, inquiries, or feedback.\', `address` = \'123 Veggie Lane, Food City, Omman\', `phone` = \'+92 123-456-7890\', `email` = \'info@chaplibites.com\'
WHERE `contact_page`.`id` IN (\'1\')')
 3 SYSTEMPATH\Database\BaseBuilder.php(2521): CodeIgniter\Database\BaseConnection->query('UPDATE `contact_page` SET `hero_title` = :hero_title:, `hero_subtitle` = :hero_subtitle:, `heading` = :heading:, `subheading` = :subheading:, `address` = :address:, `phone` = :phone:, `email` = :email:
WHERE `contact_page`.`id` IN :contact_page.id:', [...], false)
 4 SYSTEMPATH\Model.php(461): CodeIgniter\Database\BaseBuilder->update()
 5 SYSTEMPATH\BaseModel.php(1027): CodeIgniter\Model->doUpdate([...], [...])
 6 SYSTEMPATH\Model.php(863): CodeIgniter\BaseModel->update([...], [...])
 7 APPPATH\Controllers\Admin\ContactPageController.php(66): CodeIgniter\Model->update('1', [...])
 8 SYSTEMPATH\CodeIgniter.php(933): App\Controllers\Admin\ContactPageController->update()
 9 SYSTEMPATH\CodeIgniter.php(507): CodeIgniter\CodeIgniter->runController(Object(App\Controllers\Admin\ContactPageController))
10 SYSTEMPATH\CodeIgniter.php(354): CodeIgniter\CodeIgniter->handleRequest(null, Object(Config\Cache), false)
11 SYSTEMPATH\Boot.php(334): CodeIgniter\CodeIgniter->run()
12 SYSTEMPATH\Boot.php(67): CodeIgniter\Boot::runCodeIgniter(Object(CodeIgniter\CodeIgniter))
13 FCPATH\index.php(56): CodeIgniter\Boot::bootWeb(Object(Config\Paths))
14 SYSTEMPATH\rewrite.php(44): require_once('D:\\Projects\\mahzon\\azitcc.com\\azitcc.com\\public\\index.php')
CRITICAL - 2025-04-24 10:39:35 --> [Caused by] mysqli_sql_exception: Unknown column 'hero_title' in 'field list'
in SYSTEMPATH\Database\MySQLi\Connection.php on line 327.
 1 SYSTEMPATH\Database\MySQLi\Connection.php(327): mysqli->query('UPDATE `contact_page` SET `hero_title` = \'Contact Chaplibites\', `hero_subtitle` = \'We’d love to hear from you! Reach out with questions, feedback, or to place an order.\', `heading` = \'Contact Information!\', `subheading` = \'We are here to assist you with your orders, inquiries, or feedback.\', `address` = \'123 Veggie Lane, Food City, Omman\', `phone` = \'+92 123-456-7890\', `email` = \'info@chaplibites.com\'
WHERE `contact_page`.`id` IN (\'1\')', 0)
 2 SYSTEMPATH\Database\BaseConnection.php(738): CodeIgniter\Database\MySQLi\Connection->execute('UPDATE `contact_page` SET `hero_title` = \'Contact Chaplibites\', `hero_subtitle` = \'We’d love to hear from you! Reach out with questions, feedback, or to place an order.\', `heading` = \'Contact Information!\', `subheading` = \'We are here to assist you with your orders, inquiries, or feedback.\', `address` = \'123 Veggie Lane, Food City, Omman\', `phone` = \'+92 123-456-7890\', `email` = \'info@chaplibites.com\'
WHERE `contact_page`.`id` IN (\'1\')')
 3 SYSTEMPATH\Database\BaseConnection.php(652): CodeIgniter\Database\BaseConnection->simpleQuery('UPDATE `contact_page` SET `hero_title` = \'Contact Chaplibites\', `hero_subtitle` = \'We’d love to hear from you! Reach out with questions, feedback, or to place an order.\', `heading` = \'Contact Information!\', `subheading` = \'We are here to assist you with your orders, inquiries, or feedback.\', `address` = \'123 Veggie Lane, Food City, Omman\', `phone` = \'+92 123-456-7890\', `email` = \'info@chaplibites.com\'
WHERE `contact_page`.`id` IN (\'1\')')
 4 SYSTEMPATH\Database\BaseBuilder.php(2521): CodeIgniter\Database\BaseConnection->query('UPDATE `contact_page` SET `hero_title` = :hero_title:, `hero_subtitle` = :hero_subtitle:, `heading` = :heading:, `subheading` = :subheading:, `address` = :address:, `phone` = :phone:, `email` = :email:
WHERE `contact_page`.`id` IN :contact_page.id:', [...], false)
 5 SYSTEMPATH\Model.php(461): CodeIgniter\Database\BaseBuilder->update()
 6 SYSTEMPATH\BaseModel.php(1027): CodeIgniter\Model->doUpdate([...], [...])
 7 SYSTEMPATH\Model.php(863): CodeIgniter\BaseModel->update([...], [...])
 8 APPPATH\Controllers\Admin\ContactPageController.php(66): CodeIgniter\Model->update('1', [...])
 9 SYSTEMPATH\CodeIgniter.php(933): App\Controllers\Admin\ContactPageController->update()
10 SYSTEMPATH\CodeIgniter.php(507): CodeIgniter\CodeIgniter->runController(Object(App\Controllers\Admin\ContactPageController))
11 SYSTEMPATH\CodeIgniter.php(354): CodeIgniter\CodeIgniter->handleRequest(null, Object(Config\Cache), false)
12 SYSTEMPATH\Boot.php(334): CodeIgniter\CodeIgniter->run()
13 SYSTEMPATH\Boot.php(67): CodeIgniter\Boot::runCodeIgniter(Object(CodeIgniter\CodeIgniter))
14 FCPATH\index.php(56): CodeIgniter\Boot::bootWeb(Object(Config\Paths))
15 SYSTEMPATH\rewrite.php(44): require_once('D:\\Projects\\mahzon\\azitcc.com\\azitcc.com\\public\\index.php')
DEBUG - 2025-04-24 10:40:20 --> Session: Class initialized using 'CodeIgniter\Session\Handlers\FileHandler' driver.
CRITICAL - 2025-04-24 10:40:20 --> ErrorException: Trying to access array offset on value of type null
[Method: POST, Route: admin/contact-page/update]
in APPPATH\Controllers\Admin\ContactPageController.php on line 66.
 1 APPPATH\Controllers\Admin\ContactPageController.php(66): CodeIgniter\Debug\Exceptions->errorHandler(2, 'Trying to access array offset on value of type null', 'D:\\Projects\\mahzon\\azitcc.com\\azitcc.com\\app\\Controllers\\Admin\\ContactPageController.php', 66)
 2 SYSTEMPATH\CodeIgniter.php(933): App\Controllers\Admin\ContactPageController->update()
 3 SYSTEMPATH\CodeIgniter.php(507): CodeIgniter\CodeIgniter->runController(Object(App\Controllers\Admin\ContactPageController))
 4 SYSTEMPATH\CodeIgniter.php(354): CodeIgniter\CodeIgniter->handleRequest(null, Object(Config\Cache), false)
 5 SYSTEMPATH\Boot.php(334): CodeIgniter\CodeIgniter->run()
 6 SYSTEMPATH\Boot.php(67): CodeIgniter\Boot::runCodeIgniter(Object(CodeIgniter\CodeIgniter))
 7 FCPATH\index.php(56): CodeIgniter\Boot::bootWeb(Object(Config\Paths))
 8 SYSTEMPATH\rewrite.php(44): require_once('D:\\Projects\\mahzon\\azitcc.com\\azitcc.com\\public\\index.php')
DEBUG - 2025-04-24 10:40:26 --> Session: Class initialized using 'CodeIgniter\Session\Handlers\FileHandler' driver.
DEBUG - 2025-04-24 10:41:34 --> Session: Class initialized using 'CodeIgniter\Session\Handlers\FileHandler' driver.
DEBUG - 2025-04-24 10:41:34 --> Session: Class initialized using 'CodeIgniter\Session\Handlers\FileHandler' driver.
DEBUG - 2025-04-24 10:46:09 --> Session: Class initialized using 'CodeIgniter\Session\Handlers\FileHandler' driver.
DEBUG - 2025-04-24 10:46:09 --> Session: Class initialized using 'CodeIgniter\Session\Handlers\FileHandler' driver.
DEBUG - 2025-04-24 10:47:00 --> Session: Class initialized using 'CodeIgniter\Session\Handlers\FileHandler' driver.
DEBUG - 2025-04-24 10:47:00 --> Session: Class initialized using 'CodeIgniter\Session\Handlers\FileHandler' driver.
DEBUG - 2025-04-24 10:47:42 --> Session: Class initialized using 'CodeIgniter\Session\Handlers\FileHandler' driver.
DEBUG - 2025-04-24 10:47:42 --> Session: Class initialized using 'CodeIgniter\Session\Handlers\FileHandler' driver.
DEBUG - 2025-04-24 10:48:44 --> Session: Class initialized using 'CodeIgniter\Session\Handlers\FileHandler' driver.
DEBUG - 2025-04-24 10:48:45 --> Session: Class initialized using 'CodeIgniter\Session\Handlers\FileHandler' driver.
CRITICAL - 2025-04-24 10:48:45 --> CodeIgniter\HTTP\Exceptions\BadRequestException: The URI you submitted has disallowed characters: "D:\Projects\mahzon\azitcc.com\azitcc.com\writable\uploads"
[Method: GET, Route: D:%5CProjects%5Cmahzon%5Cazitcc.com%5Cazitcc.com%5Cwritable%5Cuploads/contact/1745491724_90688648afed2e673101.jpg]
in SYSTEMPATH\Router\Router.php on line 739.
 1 SYSTEMPATH\Router\Router.php(207): CodeIgniter\Router\Router->checkDisallowedChars('D:\\Projects\\mahzon\\azitcc.com\\azitcc.com\\writable\\uploads/contact/1745491724_90688648afed2e673101.jpg')
 2 SYSTEMPATH\CodeIgniter.php(832): CodeIgniter\Router\Router->handle('D:\\Projects\\mahzon\\azitcc.com\\azitcc.com\\writable\\uploads/contact/1745491724_90688648afed2e673101.jpg')
 3 SYSTEMPATH\CodeIgniter.php(455): CodeIgniter\CodeIgniter->tryToRouteIt(Object(CodeIgniter\Router\RouteCollection))
 4 SYSTEMPATH\CodeIgniter.php(354): CodeIgniter\CodeIgniter->handleRequest(null, Object(Config\Cache), false)
 5 SYSTEMPATH\Boot.php(334): CodeIgniter\CodeIgniter->run()
 6 SYSTEMPATH\Boot.php(67): CodeIgniter\Boot::runCodeIgniter(Object(CodeIgniter\CodeIgniter))
 7 FCPATH\index.php(56): CodeIgniter\Boot::bootWeb(Object(Config\Paths))
 8 SYSTEMPATH\rewrite.php(44): require_once('D:\\Projects\\mahzon\\azitcc.com\\azitcc.com\\public\\index.php')
DEBUG - 2025-04-24 10:53:15 --> Session: Class initialized using 'CodeIgniter\Session\Handlers\FileHandler' driver.
DEBUG - 2025-04-24 10:53:16 --> Session: Class initialized using 'CodeIgniter\Session\Handlers\FileHandler' driver.
DEBUG - 2025-04-24 10:53:33 --> Session: Class initialized using 'CodeIgniter\Session\Handlers\FileHandler' driver.
DEBUG - 2025-04-24 10:53:33 --> Session: Class initialized using 'CodeIgniter\Session\Handlers\FileHandler' driver.
DEBUG - 2025-04-24 10:53:36 --> Session: Class initialized using 'CodeIgniter\Session\Handlers\FileHandler' driver.
DEBUG - 2025-04-24 10:54:32 --> Session: Class initialized using 'CodeIgniter\Session\Handlers\FileHandler' driver.
DEBUG - 2025-04-24 10:54:32 --> Session: Class initialized using 'CodeIgniter\Session\Handlers\FileHandler' driver.
DEBUG - 2025-04-24 10:54:39 --> Session: Class initialized using 'CodeIgniter\Session\Handlers\FileHandler' driver.
DEBUG - 2025-04-24 10:54:45 --> Session: Class initialized using 'CodeIgniter\Session\Handlers\FileHandler' driver.
DEBUG - 2025-04-24 10:54:45 --> Session: Class initialized using 'CodeIgniter\Session\Handlers\FileHandler' driver.
DEBUG - 2025-04-24 10:54:50 --> Session: Class initialized using 'CodeIgniter\Session\Handlers\FileHandler' driver.
DEBUG - 2025-04-24 10:55:08 --> Session: Class initialized using 'CodeIgniter\Session\Handlers\FileHandler' driver.
DEBUG - 2025-04-24 10:55:08 --> Session: Class initialized using 'CodeIgniter\Session\Handlers\FileHandler' driver.
DEBUG - 2025-04-24 10:55:13 --> Session: Class initialized using 'CodeIgniter\Session\Handlers\FileHandler' driver.
DEBUG - 2025-04-24 10:55:18 --> Session: Class initialized using 'CodeIgniter\Session\Handlers\FileHandler' driver.
DEBUG - 2025-04-24 10:55:18 --> Session: Class initialized using 'CodeIgniter\Session\Handlers\FileHandler' driver.
DEBUG - 2025-04-24 10:56:46 --> Session: Class initialized using 'CodeIgniter\Session\Handlers\FileHandler' driver.
DEBUG - 2025-04-24 10:56:54 --> Session: Class initialized using 'CodeIgniter\Session\Handlers\FileHandler' driver.
DEBUG - 2025-04-24 10:56:54 --> Session: Class initialized using 'CodeIgniter\Session\Handlers\FileHandler' driver.
DEBUG - 2025-04-24 10:58:56 --> Session: Class initialized using 'CodeIgniter\Session\Handlers\FileHandler' driver.
DEBUG - 2025-04-24 10:59:35 --> Session: Class initialized using 'CodeIgniter\Session\Handlers\FileHandler' driver.
DEBUG - 2025-04-24 10:59:35 --> Session: Class initialized using 'CodeIgniter\Session\Handlers\FileHandler' driver.
DEBUG - 2025-04-24 10:59:48 --> Session: Class initialized using 'CodeIgniter\Session\Handlers\FileHandler' driver.
DEBUG - 2025-04-24 10:59:48 --> Session: Class initialized using 'CodeIgniter\Session\Handlers\FileHandler' driver.
DEBUG - 2025-04-24 11:00:11 --> Session: Class initialized using 'CodeIgniter\Session\Handlers\FileHandler' driver.
DEBUG - 2025-04-24 11:00:12 --> Session: Class initialized using 'CodeIgniter\Session\Handlers\FileHandler' driver.
DEBUG - 2025-04-24 11:00:25 --> Session: Class initialized using 'CodeIgniter\Session\Handlers\FileHandler' driver.
DEBUG - 2025-04-24 11:00:26 --> Session: Class initialized using 'CodeIgniter\Session\Handlers\FileHandler' driver.
DEBUG - 2025-04-24 11:00:29 --> Session: Class initialized using 'CodeIgniter\Session\Handlers\FileHandler' driver.
DEBUG - 2025-04-24 11:01:14 --> Session: Class initialized using 'CodeIgniter\Session\Handlers\FileHandler' driver.
DEBUG - 2025-04-24 11:01:14 --> Session: Class initialized using 'CodeIgniter\Session\Handlers\FileHandler' driver.
DEBUG - 2025-04-24 11:01:19 --> Session: Class initialized using 'CodeIgniter\Session\Handlers\FileHandler' driver.
DEBUG - 2025-04-24 11:01:21 --> Session: Class initialized using 'CodeIgniter\Session\Handlers\FileHandler' driver.
DEBUG - 2025-04-24 11:01:24 --> Session: Class initialized using 'CodeIgniter\Session\Handlers\FileHandler' driver.
DEBUG - 2025-04-24 11:01:40 --> Session: Class initialized using 'CodeIgniter\Session\Handlers\FileHandler' driver.
DEBUG - 2025-04-24 11:01:40 --> Session: Class initialized using 'CodeIgniter\Session\Handlers\FileHandler' driver.
DEBUG - 2025-04-24 11:01:50 --> Session: Class initialized using 'CodeIgniter\Session\Handlers\FileHandler' driver.
DEBUG - 2025-04-24 11:02:01 --> Session: Class initialized using 'CodeIgniter\Session\Handlers\FileHandler' driver.
DEBUG - 2025-04-24 11:02:01 --> Session: Class initialized using 'CodeIgniter\Session\Handlers\FileHandler' driver.
DEBUG - 2025-04-24 11:02:04 --> Session: Class initialized using 'CodeIgniter\Session\Handlers\FileHandler' driver.
DEBUG - 2025-04-24 11:02:52 --> Session: Class initialized using 'CodeIgniter\Session\Handlers\FileHandler' driver.
DEBUG - 2025-04-24 11:03:23 --> Session: Class initialized using 'CodeIgniter\Session\Handlers\FileHandler' driver.
DEBUG - 2025-04-24 11:03:23 --> Submitted About update data: {"title":"About Chaplibites!!","description":"Discover the story behind our passion for fresh, delicious, and eco-friendly veggie delights.","story":"Founded in 2020, Chaplibites started as a small family-run eatery with a big dream: to make veggie burgers that are as delicious as they are sustainable. Inspired by local farms and fresh ingredients, we crafted a menu that celebrates flavor and community.\r\n\r\nToday, we\u2019re proud to serve crispy, crunchy, and veggie-packed meals that bring people together, all while staying true to our eco-friendly roots.","mission":"To create mouthwatering veggie meals using locally sourced, organic ingredients, while fostering a sustainable and community-driven food culture.","sustainability_text":"We partner with local farms to reduce our carbon footprint and ensure fresh, organic ingredients.","community_text":"We support local initiatives and engage with our customers to build a vibrant food community.","quality_text":"Every bite is crafted with care, ensuring delicious flavors and nutritional value.\r\n\r\n","cta_title":"Join the Chaplibites Community","cta_text":"Ready to enjoy fresh, veggie-packed meals? Order now or connect with us on social media!\r\n\r\n","banner_image":"uploads\/about\/1745492603_6a24a52b6b47803b2c62.png","story_image":"uploads\/about\/1745492603_5b26a34958bb44621d85.jpg","sustainability_icon":"uploads\/about\/1745492603_d36dcf43067de3137b77.svg","community_icon":"uploads\/about\/1745492603_f6a966c539fb57a44d75.svg","quality_icon":"uploads\/about\/1745492603_15965c4cbf56a3412afe.svg"}
DEBUG - 2025-04-24 11:03:23 --> Session: Class initialized using 'CodeIgniter\Session\Handlers\FileHandler' driver.
DEBUG - 2025-04-24 11:05:57 --> Session: Class initialized using 'CodeIgniter\Session\Handlers\FileHandler' driver.
DEBUG - 2025-04-24 11:06:15 --> Session: Class initialized using 'CodeIgniter\Session\Handlers\FileHandler' driver.
DEBUG - 2025-04-24 11:06:22 --> Session: Class initialized using 'CodeIgniter\Session\Handlers\FileHandler' driver.
